android-app-app-calling-headers-Audio/build/outputs/mapping/release/seeds.txt
com.sinch.android.rtc.sample.calling.AudioPlayer
com.sinch.android.rtc.sample.calling.AudioPlayer: java.lang.String LOG_TAG
com.sinch.android.rtc.sample.calling.AudioPlayer: android.content.Context mContext
com.sinch.android.rtc.sample.calling.AudioPlayer: android.media.MediaPlayer mPlayer
com.sinch.android.rtc.sample.calling.AudioPlayer: android.media.AudioTrack mProgressTone
com.sinch.android.rtc.sample.calling.AudioPlayer: int SAMPLE_RATE
com.sinch.android.rtc.sample.calling.AudioPlayer: AudioPlayer(android.content.Context)
com.sinch.android.rtc.sample.calling.AudioPlayer: void playRingtone()
com.sinch.android.rtc.sample.calling.AudioPlayer: void stopRingtone()
com.sinch.android.rtc.sample.calling.AudioPlayer: void playProgressTone()
com.sinch.android.rtc.sample.calling.AudioPlayer: void stopProgressTone()
com.sinch.android.rtc.sample.calling.AudioPlayer: android.media.AudioTrack createProgressTone(android.content.Context)
com.sinch.android.rtc.sample.calling.AudioPlayer: void readFileToBytes(android.content.res.AssetFileDescriptor,byte[])
com.sinch.android.rtc.sample.calling.AudioPlayer: void <clinit>()
com.sinch.android.rtc.sample.calling.BaseActivity
com.sinch.android.rtc.sample.calling.BaseActivity: com.sinch.android.rtc.sample.calling.SinchService$SinchServiceInterface mSinchServiceInterface
com.sinch.android.rtc.sample.calling.BaseActivity: BaseActivity()
com.sinch.android.rtc.sample.calling.BaseActivity: void onCreate(android.os.Bundle)
com.sinch.android.rtc.sample.calling.BaseActivity: void onServiceConnected(android.content.ComponentName,android.os.IBinder)
com.sinch.android.rtc.sample.calling.BaseActivity: void onServiceDisconnected(android.content.ComponentName)
com.sinch.android.rtc.sample.calling.BaseActivity: void onServiceConnected()
com.sinch.android.rtc.sample.calling.BaseActivity: void onServiceDisconnected()
com.sinch.android.rtc.sample.calling.BaseActivity: com.sinch.android.rtc.sample.calling.SinchService$SinchServiceInterface getSinchServiceInterface()
com.sinch.android.rtc.sample.calling.BuildConfig
com.sinch.android.rtc.sample.calling.BuildConfig: boolean DEBUG
com.sinch.android.rtc.sample.calling.BuildConfig: java.lang.String APPLICATION_ID
com.sinch.android.rtc.sample.calling.BuildConfig: java.lang.String BUILD_TYPE
com.sinch.android.rtc.sample.calling.BuildConfig: java.lang.String FLAVOR
com.sinch.android.rtc.sample.calling.BuildConfig: int VERSION_CODE
com.sinch.android.rtc.sample.calling.BuildConfig: java.lang.String VERSION_NAME
com.sinch.android.rtc.sample.calling.BuildConfig: BuildConfig()
...
com.sinch.android.rtc.internal.natives.jni.UserAgentFactory
com.sinch.android.rtc.internal.natives.jni.UserAgentFactory: UserAgentFactory()
com.sinch.android.rtc.internal.natives.jni.UserAgentFactory: com.sinch.android.rtc.internal.natives.jni.UserAgent createUserAgent(com.sinch.android.rtc.internal.natives.jni.NativeServiceProviderImpl,java.lang.String,java.lang.String,java.lang.String,java.lang.String,java.lang.String,int,java.lang.String,java.lang.String,java.lang.String,boolean,java.lang.String,java.lang.String,java.lang.String,java.lang.String,java.lang.String)
com.sinch.android.rtc.internal.service.crypto.CryptoService
com.sinch.android.rtc.internal.service.crypto.CryptoService: java.lang.String encrypt(int,byte[],java.lang.String)
com.sinch.android.rtc.internal.service.crypto.CryptoService: java.lang.String decrypt(int,byte[],java.lang.String)
com.sinch.android.rtc.internal.service.crypto.CryptoService: java.lang.String sign(int,byte[],java.lang.String)
com.sinch.android.rtc.internal.service.crypto.DefaultCryptoService
com.sinch.android.rtc.internal.service.crypto.DefaultCryptoService: int SUPPORTED_PROTOCOL_VERSION
com.sinch.android.rtc.internal.service.crypto.DefaultCryptoService: java.lang.String TAG
com.sinch.android.rtc.internal.service.crypto.DefaultCryptoService: int UTF8_BOM_LENGTH
com.sinch.android.rtc.internal.service.crypto.DefaultCryptoService: int IV_LENGTH
com.sinch.android.rtc.internal.service.crypto.DefaultCryptoService: DefaultCryptoService()
com.sinch.android.rtc.internal.service.crypto.DefaultCryptoService: java.lang.String encrypt(int,byte[],java.lang.String)
com.sinch.android.rtc.internal.service.crypto.DefaultCryptoService: java.lang.String concatBytesAndEncodeBase64String(byte[],byte[])
com.sinch.android.rtc.internal.service.crypto.DefaultCryptoService: java.lang.String decrypt(int,byte[],java.lang.String)
com.sinch.android.rtc.internal.service.crypto.DefaultCryptoService: java.lang.String createMessageString(byte[])
com.sinch.android.rtc.internal.service.crypto.DefaultCryptoService: java.lang.String createMessageStringFilterOutBom(byte[])
com.sinch.android.rtc.internal.service.crypto.DefaultCryptoService: boolean containsBomAtMessageStart(byte[])
com.sinch.android.rtc.internal.service.crypto.DefaultCryptoService: java.lang.String sign(int,byte[],java.lang.String)
com.sinch.android.rtc.internal.service.crypto.DefaultCryptoService: java.lang.String calculateSignature(java.lang.String)
com.sinch.android.rtc.internal.service.dispatcher.DefaultDispatcher
com.sinch.android.rtc.internal.service.dispatcher.DefaultDispatcher: com.sinch.android.rtc.internal.CallbackHandler callbackHandler
com.sinch.android.rtc.internal.service.dispatcher.DefaultDispatcher: java.util.Set dispatchables
com.sinch.android.rtc.internal.service.dispatcher.DefaultDispatcher: boolean mStopped
com.sinch.android.rtc.internal.service.dispatcher.DefaultDispatcher: DefaultDispatcher(com.sinch.android.rtc.internal.CallbackHandler)
com.sinch.android.rtc.internal.service.dispatcher.DefaultDispatcher: void dispatchOnMainThread(com.sinch.android.rtc.internal.natives.Dispatchable)
com.sinch.android.rtc.internal.service.dispatcher.DefaultDispatcher: void stop()
com.sinch.android.rtc.internal.service.dispatcher.DefaultDispatcher: void removeAllDispatchables()
com.sinch.android.rtc.internal.service.dispatcher.DefaultDispatcher: void disposeDispatchable(com.sinch.android.rtc.internal.natives.Dispatchable)
com.sinch.android.rtc.internal.service.dispatcher.DefaultDispatcher: java.util.Set access$000(com.sinch.android.rtc.internal.service.dispatcher.DefaultDispatcher)
com.sinch.android.rtc.internal.service.dispatcher.DefaultDispatcher: void access$100(com.sinch.android.rtc.internal.service.dispatcher.DefaultDispatcher,com.sinch.android.rtc.internal.natives.Dispatchable)