android-app-app-calling-headers-Audio/build/outputs/mapping/release/mapping.txt
com.sinch.android.rtc.sample.calling.AudioPlayer -> com.sinch.android.rtc.sample.calling.AudioPlayer:
    java.lang.String LOG_TAG -> LOG_TAG
    android.content.Context mContext -> mContext
    android.media.MediaPlayer mPlayer -> mPlayer
    android.media.AudioTrack mProgressTone -> mProgressTone
    int SAMPLE_RATE -> SAMPLE_RATE
    void <init>(android.content.Context) -> <init>
    void playRingtone() -> playRingtone
    void stopRingtone() -> stopRingtone
    void playProgressTone() -> playProgressTone
    void stopProgressTone() -> stopProgressTone
    android.media.AudioTrack createProgressTone(android.content.Context) -> createProgressTone
    void readFileToBytes(android.content.res.AssetFileDescriptor,byte[]) -> readFileToBytes
    void <clinit>() -> <clinit>
com.sinch.android.rtc.sample.calling.BaseActivity -> com.sinch.android.rtc.sample.calling.BaseActivity:
    com.sinch.android.rtc.sample.calling.SinchService$SinchServiceInterface mSinchServiceInterface -> mSinchServiceInterface
    void <init>() -> <init>
    void onCreate(android.os.Bundle) -> onCreate
    void onServiceConnected(android.content.ComponentName,android.os.IBinder) -> onServiceConnected
    void onServiceDisconnected(android.content.ComponentName) -> onServiceDisconnected
    void onServiceConnected() -> onServiceConnected
    void onServiceDisconnected() -> onServiceDisconnected
    com.sinch.android.rtc.sample.calling.SinchService$SinchServiceInterface getSinchServiceInterface() -> getSinchServiceInterface
com.sinch.android.rtc.sample.calling.BuildConfig -> com.sinch.android.rtc.sample.calling.BuildConfig:
    boolean DEBUG -> DEBUG
    java.lang.String APPLICATION_ID -> APPLICATION_ID
    java.lang.String BUILD_TYPE -> BUILD_TYPE
    java.lang.String FLAVOR -> FLAVOR
    int VERSION_CODE -> VERSION_CODE
    java.lang.String VERSION_NAME -> VERSION_NAME
    void <init>() -> <init>
com.sinch.android.rtc.sample.calling.CallScreenActivity -> com.sinch.android.rtc.sample.calling.CallScreenActivity:
    java.lang.String TAG -> TAG
    com.sinch.android.rtc.sample.calling.AudioPlayer mAudioPlayer -> mAudioPlayer
    java.util.Timer mTimer -> mTimer
    com.sinch.android.rtc.sample.calling.CallScreenActivity$UpdateCallDurationTask mDurationTask -> mDurationTask
    java.lang.String mCallId -> mCallId
    long mCallStart -> mCallStart
    android.widget.TextView mCallDuration -> mCallDuration
    android.widget.TextView mCallState -> mCallState
    android.widget.TextView mCallerName -> mCallerName
    android.widget.ImageView imageView -> imageView
    java.lang.String photo -> photo
    void <init>() -> <init>
    void onCreate(android.os.Bundle) -> onCreate
    void onServiceConnected() -> onServiceConnected
    void onPause() -> onPause
    void onResume() -> onResume
    void onBackPressed() -> onBackPressed
    void endCall() -> endCall
    java.lang.String formatTimespan(long) -> formatTimespan
    void updateCallDuration() -> updateCallDuration
    void access$000(com.sinch.android.rtc.sample.calling.CallScreenActivity) -> access$000
    void access$100(com.sinch.android.rtc.sample.calling.CallScreenActivity) -> access$100
    com.sinch.android.rtc.sample.calling.AudioPlayer access$400(com.sinch.android.rtc.sample.calling.CallScreenActivity) -> access$400
com.sinch.android.rtc.sample.calling.CallScreenActivity$1 -> com.sinch.android.rtc.sample.calling.CallScreenActivity$1:
    com.sinch.android.rtc.sample.calling.CallScreenActivity this$0 -> this$0
    void <init>(com.sinch.android.rtc.sample.calling.CallScreenActivity) -> <init>
    void onClick(android.view.View) -> onClick
...
com.rebtel.repackaged.com.google.gson.internal.Primitives -> com.rebtel.repackaged.com.google.gson.internal.Primitives:
    java.util.Map PRIMITIVE_TO_WRAPPER_TYPE -> PRIMITIVE_TO_WRAPPER_TYPE
    java.util.Map WRAPPER_TO_PRIMITIVE_TYPE -> WRAPPER_TO_PRIMITIVE_TYPE
    void <init>() -> <init>
    void add(java.util.Map,java.util.Map,java.lang.Class,java.lang.Class) -> add
    boolean isPrimitive(java.lang.reflect.Type) -> isPrimitive
    boolean isWrapperType(java.lang.reflect.Type) -> isWrapperType
    java.lang.Class wrap(java.lang.Class) -> wrap
    java.lang.Class unwrap(java.lang.Class) -> unwrap
    void <clinit>() -> <clinit>
com.rebtel.repackaged.com.google.gson.internal.Streams -> com.rebtel.repackaged.com.google.gson.internal.Streams:
    void <init>() -> <init>
    com.rebtel.repackaged.com.google.gson.JsonElement parse(com.rebtel.repackaged.com.google.gson.stream.JsonReader) -> parse
    void write(com.rebtel.repackaged.com.google.gson.JsonElement,com.rebtel.repackaged.com.google.gson.stream.JsonWriter) -> write
    java.io.Writer writerForAppendable(java.lang.Appendable) -> writerForAppendable
com.rebtel.repackaged.com.google.gson.internal.Streams$1 -> com.rebtel.repackaged.com.google.gson.internal.Streams$1:
com.rebtel.repackaged.com.google.gson.internal.Streams$AppendableWriter -> com.rebtel.repackaged.com.google.gson.internal.Streams$AppendableWriter:
    java.lang.Appendable appendable -> appendable
    com.rebtel.repackaged.com.google.gson.internal.Streams$AppendableWriter$CurrentWrite currentWrite -> currentWrite
    void <init>(java.lang.Appendable) -> <init>
    void write(char[],int,int) -> write
    void write(int) -> write
    void flush() -> flush
    void close() -> close
    void <init>(java.lang.Appendable,com.rebtel.repackaged.com.google.gson.internal.Streams$1) -> <init>
com.rebtel.repackaged.com.google.gson.internal.Streams$AppendableWriter$CurrentWrite -> com.rebtel.repackaged.com.google.gson.internal.Streams$AppendableWriter$CurrentWrite:
    char[] chars -> a
    void <init>() -> <init>
    int length() -> length
    char charAt(int) -> charAt
    java.lang.CharSequence subSequence(int,int) -> subSequence
com.rebtel.repackaged.com.google.gson.internal.StringMap -> com.rebtel.repackaged.com.google.gson.internal.StringMap:
    int MINIMUM_CAPACITY -> MINIMUM_CAPACITY
    int MAXIMUM_CAPACITY -> MAXIMUM_CAPACITY
    com.rebtel.repackaged.com.google.gson.internal.StringMap$LinkedEntry header -> header
    java.util.Map$Entry[] EMPTY_TABLE -> EMPTY_TABLE
    com.rebtel.repackaged.com.google.gson.internal.StringMap$LinkedEntry[] table -> table
    int size -> size
    int threshold -> threshold
    java.util.Set keySet -> keySet
    java.util.Set entrySet -> entrySet
    java.util.Collection values -> values
    int seed -> seed
    void <init>() -> <init>
    int size() -> size
    boolean containsKey(java.lang.Object) -> containsKey
    java.lang.Object get(java.lang.Object) -> get
    com.rebtel.repackaged.com.google.gson.internal.StringMap$LinkedEntry getEntry(java.lang.String) -> getEntry
    java.lang.Object put(java.lang.String,java.lang.Object) -> put
    void addNewEntry(java.lang.String,java.lang.Object,int,int) -> addNewEntry
    com.rebtel.repackaged.com.google.gson.internal.StringMap$LinkedEntry[] makeTable(int) -> makeTable
    com.rebtel.repackaged.com.google.gson.internal.StringMap$LinkedEntry[] doubleCapacity() -> doubleCapacity
    java.lang.Object remove(java.lang.Object) -> remove
    void unlink(com.rebtel.repackaged.com.google.gson.internal.StringMap$LinkedEntry) -> unlink
    void clear() -> clear
    java.util.Set keySet() -> keySet
com.rebtel.repackaged.com.google.gson.internal.StringMap$1 -> com.rebtel.repackaged.com.google.gson.internal.StringMap$1: